<?xml version="1.0" encoding="UTF-8"?>
<robot generator="Robot 7.0 (Python 3.11.4 on win32)" generated="2024-03-07T14:16:50.506356" rpa="false" schemaversion="5">
<suite id="s1" name="Search" source="C:\Users\Admin\PycharmProjects\pythonProject\Testpractice\Testsuites\search.robot">
<test id="s1-t1" name="add_to_wishlist" line="12">
<kw name="login" owner="login">
<kw name="Open Browser" owner="SeleniumLibrary">
<msg time="2024-03-07T14:16:50.726993" level="INFO">Opening browser 'chrome' to base url 'https://demo.nopcommerce.com/'.</msg>
<arg>${url}</arg>
<arg>${baseurl}</arg>
<doc>Opens a new browser instance to the optional ``url``.</doc>
<status status="PASS" start="2024-03-07T14:16:50.726993" elapsed="29.675864"/>
</kw>
<kw name="Maximize Browser Window" owner="SeleniumLibrary">
<doc>Maximizes current browser window.</doc>
<status status="PASS" start="2024-03-07T14:17:20.403887" elapsed="0.259780"/>
</kw>
<kw name="Set Selenium Speed" owner="SeleniumLibrary">
<arg>2</arg>
<doc>Sets the delay that is waited after each Selenium command.</doc>
<status status="PASS" start="2024-03-07T14:17:20.663667" elapsed="0.001022"/>
</kw>
<kw name="Click Element" owner="SeleniumLibrary">
<msg time="2024-03-07T14:17:20.666115" level="INFO">Clicking element 'class:ico-login'.</msg>
<arg>class:ico-login</arg>
<doc>Click the element identified by ``locator``.</doc>
<status status="PASS" start="2024-03-07T14:17:20.664689" elapsed="4.884291"/>
</kw>
<kw name="Input Text" owner="SeleniumLibrary">
<msg time="2024-03-07T14:17:25.550165" level="INFO">Typing text 'rakesh1234@gmail.com' into text field 'ID:Email'.</msg>
<arg>ID:Email</arg>
<arg>rakesh1234@gmail.com</arg>
<doc>Types the given ``text`` into the text field identified by ``locator``.</doc>
<status status="PASS" start="2024-03-07T14:17:25.550165" elapsed="6.455143"/>
</kw>
<kw name="Input Text" owner="SeleniumLibrary">
<msg time="2024-03-07T14:17:32.011204" level="INFO">Typing text 'ramesh123@' into text field 'ID:Password'.</msg>
<arg>ID:Password</arg>
<arg>ramesh123@</arg>
<doc>Types the given ``text`` into the text field identified by ``locator``.</doc>
<status status="PASS" start="2024-03-07T14:17:32.009230" elapsed="6.330513"/>
</kw>
<kw name="Click Button" owner="SeleniumLibrary">
<msg time="2024-03-07T14:17:38.339743" level="INFO">Clicking button 'xpath://button[@class='button-1 login-button']'.</msg>
<arg>xpath://button[@class='button-1 login-button']</arg>
<doc>Clicks the button identified by ``locator``.</doc>
<status status="PASS" start="2024-03-07T14:17:38.339743" elapsed="10.996394"/>
</kw>
<status status="PASS" start="2024-03-07T14:16:50.726993" elapsed="58.609144"/>
</kw>
<kw name="Get Title" owner="SeleniumLibrary">
<msg time="2024-03-07T14:17:51.373538" level="INFO">${title} = nopCommerce demo store</msg>
<var>${title}</var>
<doc>Returns the title of the current page.</doc>
<status status="PASS" start="2024-03-07T14:17:49.336137" elapsed="2.037401"/>
</kw>
<kw name="Run Keyword And Return Status" owner="BuiltIn">
<kw name="Page Should Contain" owner="SeleniumLibrary">
<msg time="2024-03-07T14:18:02.144344" level="INFO" html="true">&lt;/td&gt;&lt;/tr&gt;&lt;tr&gt;&lt;td colspan="3"&gt;&lt;a href="selenium-screenshot-28.png"&gt;&lt;img src="selenium-screenshot-28.png" width="800px"&gt;&lt;/a&gt;</msg>
<msg time="2024-03-07T14:18:02.144344" level="FAIL">Page should have contained text 'Login was unsuccessful. Please correct the errors and try again.' but did not.</msg>
<arg>Login was unsuccessful. Please correct the errors and try again.</arg>
<doc>Verifies that current page contains ``text``.</doc>
<status status="FAIL" start="2024-03-07T14:17:51.373538" elapsed="10.779272">Page should have contained text 'Login was unsuccessful. Please correct the errors and try again.' but did not.</status>
</kw>
<msg time="2024-03-07T14:18:02.152810" level="INFO">${register_status} = False</msg>
<var>${register_status}</var>
<arg>page should contain</arg>
<arg>Login was unsuccessful. Please correct the errors and try again.</arg>
<doc>Runs the given keyword with given arguments and returns the status as a Boolean value.</doc>
<status status="PASS" start="2024-03-07T14:17:51.373538" elapsed="10.779272"/>
</kw>
<if>
<branch type="IF" condition="'${register_status}'=='True'">
<kw name="regesterandlogin" owner="regesterandlogin">
<status status="NOT RUN" start="2024-03-07T14:18:02.152810" elapsed="0.000000"/>
</kw>
<status status="NOT RUN" start="2024-03-07T14:18:02.152810" elapsed="0.000000"/>
</branch>
<branch type="ELSE">
<kw name="Log" owner="BuiltIn">
<msg time="2024-03-07T14:18:02.152810" level="INFO">user login successfully</msg>
<arg>user login successfully</arg>
<doc>Logs the given message with the given level.</doc>
<status status="PASS" start="2024-03-07T14:18:02.152810" elapsed="0.000000"/>
</kw>
<status status="PASS" start="2024-03-07T14:18:02.152810" elapsed="0.000000"/>
</branch>
<status status="PASS" start="2024-03-07T14:18:02.152810" elapsed="0.000000"/>
</if>
<kw name="search_valid_input" owner="search1">
<kw name="Input Text" owner="SeleniumLibrary">
<msg time="2024-03-07T14:18:02.152810" level="INFO">Typing text 'shoes' into text field 'id:small-searchterms'.</msg>
<arg>id:small-searchterms</arg>
<arg>shoes</arg>
<doc>Types the given ``text`` into the text field identified by ``locator``.</doc>
<status status="PASS" start="2024-03-07T14:18:02.152810" elapsed="6.299958"/>
</kw>
<kw name="Click Element" owner="SeleniumLibrary">
<msg time="2024-03-07T14:18:08.452768" level="INFO">Clicking element 'xpath://button[@class='button-1 search-box-button']'.</msg>
<arg>xpath://button[@class='button-1 search-box-button']</arg>
<doc>Click the element identified by ``locator``.</doc>
<status status="PASS" start="2024-03-07T14:18:08.452768" elapsed="4.639267"/>
</kw>
<kw name="Sleep" owner="BuiltIn">
<msg time="2024-03-07T14:18:16.092766" level="INFO">Slept 3 seconds.</msg>
<arg>3</arg>
<doc>Pauses the test executed for the given time.</doc>
<status status="PASS" start="2024-03-07T14:18:13.092035" elapsed="3.000731"/>
</kw>
<kw name="Execute Javascript" owner="SeleniumLibrary">
<msg time="2024-03-07T14:18:16.092766" level="INFO">Executing JavaScript:
window.scrollTo(0,500)
Without any arguments.</msg>
<arg>window.scrollTo(0,500)</arg>
<doc>Executes the given JavaScript code with possible arguments.</doc>
<status status="PASS" start="2024-03-07T14:18:16.092766" elapsed="2.041238"/>
</kw>
<kw name="Capture Page Screenshot" owner="SeleniumLibrary">
<msg time="2024-03-07T14:18:20.444987" level="INFO" html="true">&lt;/td&gt;&lt;/tr&gt;&lt;tr&gt;&lt;td colspan="3"&gt;&lt;a href="search.png"&gt;&lt;img src="search.png" width="800px"&gt;&lt;/a&gt;</msg>
<arg>search.png</arg>
<doc>Takes a screenshot of the current page and embeds it into a log file.</doc>
<status status="PASS" start="2024-03-07T14:18:18.134004" elapsed="2.310983"/>
</kw>
<status status="PASS" start="2024-03-07T14:18:02.152810" elapsed="18.292177"/>
</kw>
<kw name="empty_search_input" owner="search1">
<kw name="Input Text" owner="SeleniumLibrary">
<msg time="2024-03-07T14:18:20.444987" level="INFO">Typing text '' into text field 'id:small-searchterms'.</msg>
<arg>id:small-searchterms</arg>
<arg>\</arg>
<doc>Types the given ``text`` into the text field identified by ``locator``.</doc>
<status status="PASS" start="2024-03-07T14:18:20.444987" elapsed="6.283555"/>
</kw>
<kw name="Click Element" owner="SeleniumLibrary">
<msg time="2024-03-07T14:18:26.728542" level="INFO">Clicking element 'xpath://button[@class='button-1 search-box-button']'.</msg>
<arg>xpath://button[@class='button-1 search-box-button']</arg>
<doc>Click the element identified by ``locator``.</doc>
<status status="PASS" start="2024-03-07T14:18:26.728542" elapsed="4.194131"/>
</kw>
<kw name="Handle Alert" owner="SeleniumLibrary">
<msg time="2024-03-07T14:18:30.924269" level="INFO">HANDLE::&lt;class 'NoneType'&gt;::None</msg>
<arg>ACCEPT</arg>
<doc>Handles the current alert and returns its message.</doc>
<status status="PASS" start="2024-03-07T14:18:30.922673" elapsed="6.022173"/>
</kw>
<status status="PASS" start="2024-03-07T14:18:20.444987" elapsed="16.499859"/>
</kw>
<kw name="spaces_input" owner="search1">
<kw name="Input Text" owner="SeleniumLibrary">
<msg time="2024-03-07T14:18:36.950402" level="INFO">Typing text '   ' into text field 'id:small-searchterms'.</msg>
<arg>id:small-searchterms</arg>
<arg>${space}${space}${space}</arg>
<doc>Types the given ``text`` into the text field identified by ``locator``.</doc>
<status status="PASS" start="2024-03-07T14:18:36.950402" elapsed="6.268215"/>
</kw>
<kw name="Click Element" owner="SeleniumLibrary">
<msg time="2024-03-07T14:18:43.218617" level="INFO">Clicking element 'xpath://button[@class='button-1 search-box-button']'.</msg>
<arg>xpath://button[@class='button-1 search-box-button']</arg>
<doc>Click the element identified by ``locator``.</doc>
<status status="PASS" start="2024-03-07T14:18:43.218617" elapsed="4.561969"/>
</kw>
<kw name="Sleep" owner="BuiltIn">
<msg time="2024-03-07T14:18:50.780656" level="INFO">Slept 3 seconds.</msg>
<arg>3</arg>
<doc>Pauses the test executed for the given time.</doc>
<status status="PASS" start="2024-03-07T14:18:47.780586" elapsed="3.000070"/>
</kw>
<kw name="Execute Javascript" owner="SeleniumLibrary">
<msg time="2024-03-07T14:18:50.783631" level="INFO">Executing JavaScript:
window.scrollTo(0,300)
Without any arguments.</msg>
<arg>window.scrollTo(0,300)</arg>
<doc>Executes the given JavaScript code with possible arguments.</doc>
<status status="PASS" start="2024-03-07T14:18:50.780656" elapsed="2.043310"/>
</kw>
<kw name="Capture Page Screenshot" owner="SeleniumLibrary">
<msg time="2024-03-07T14:18:54.991865" level="INFO" html="true">&lt;/td&gt;&lt;/tr&gt;&lt;tr&gt;&lt;td colspan="3"&gt;&lt;a href="spacesearch.png"&gt;&lt;img src="spacesearch.png" width="800px"&gt;&lt;/a&gt;</msg>
<arg>spacesearch.png</arg>
<doc>Takes a screenshot of the current page and embeds it into a log file.</doc>
<status status="PASS" start="2024-03-07T14:18:52.823966" elapsed="2.167899"/>
</kw>
<status status="PASS" start="2024-03-07T14:18:36.950402" elapsed="18.041463"/>
</kw>
<kw name="invalid_input" owner="search1">
<kw name="Input Text" owner="SeleniumLibrary">
<msg time="2024-03-07T14:18:54.991865" level="INFO">Typing text '!@#$%' into text field 'id:small-searchterms'.</msg>
<arg>id:small-searchterms</arg>
<arg>!@#$%</arg>
<doc>Types the given ``text`` into the text field identified by ``locator``.</doc>
<status status="PASS" start="2024-03-07T14:18:54.991865" elapsed="6.238956"/>
</kw>
<kw name="Click Element" owner="SeleniumLibrary">
<msg time="2024-03-07T14:19:01.230821" level="INFO">Clicking element 'xpath://button[@class='button-1 search-box-button']'.</msg>
<arg>xpath://button[@class='button-1 search-box-button']</arg>
<doc>Click the element identified by ``locator``.</doc>
<status status="PASS" start="2024-03-07T14:19:01.230821" elapsed="4.799658"/>
</kw>
<kw name="Sleep" owner="BuiltIn">
<msg time="2024-03-07T14:19:09.031055" level="INFO">Slept 3 seconds.</msg>
<arg>3</arg>
<doc>Pauses the test executed for the given time.</doc>
<status status="PASS" start="2024-03-07T14:19:06.030479" elapsed="3.000576"/>
</kw>
<kw name="Execute Javascript" owner="SeleniumLibrary">
<msg time="2024-03-07T14:19:09.031055" level="INFO">Executing JavaScript:
window.scrollTo(0,300)
Without any arguments.</msg>
<arg>window.scrollTo(0,300)</arg>
<doc>Executes the given JavaScript code with possible arguments.</doc>
<status status="PASS" start="2024-03-07T14:19:09.031055" elapsed="2.031473"/>
</kw>
<kw name="Capture Page Screenshot" owner="SeleniumLibrary">
<msg time="2024-03-07T14:19:13.235902" level="INFO" html="true">&lt;/td&gt;&lt;/tr&gt;&lt;tr&gt;&lt;td colspan="3"&gt;&lt;a href="invalidsearch.png"&gt;&lt;img src="invalidsearch.png" width="800px"&gt;&lt;/a&gt;</msg>
<arg>invalidsearch.png</arg>
<doc>Takes a screenshot of the current page and embeds it into a log file.</doc>
<status status="PASS" start="2024-03-07T14:19:11.062528" elapsed="2.173374"/>
</kw>
<status status="PASS" start="2024-03-07T14:18:54.991865" elapsed="18.244037"/>
</kw>
<kw name="spellingmistake_input" owner="search1">
<kw name="Input Text" owner="SeleniumLibrary">
<msg time="2024-03-07T14:19:13.235902" level="INFO">Typing text 'shooes' into text field 'id:small-searchterms'.</msg>
<arg>id:small-searchterms</arg>
<arg>shooes</arg>
<doc>Types the given ``text`` into the text field identified by ``locator``.</doc>
<status status="PASS" start="2024-03-07T14:19:13.235902" elapsed="6.351900"/>
</kw>
<kw name="Click Element" owner="SeleniumLibrary">
<msg time="2024-03-07T14:19:19.587802" level="INFO">Clicking element 'xpath://button[@class='button-1 search-box-button']'.</msg>
<arg>xpath://button[@class='button-1 search-box-button']</arg>
<doc>Click the element identified by ``locator``.</doc>
<status status="PASS" start="2024-03-07T14:19:19.587802" elapsed="4.583227"/>
</kw>
<kw name="Sleep" owner="BuiltIn">
<msg time="2024-03-07T14:19:27.172455" level="INFO">Slept 3 seconds.</msg>
<arg>3</arg>
<doc>Pauses the test executed for the given time.</doc>
<status status="PASS" start="2024-03-07T14:19:24.171029" elapsed="3.001426"/>
</kw>
<kw name="Execute Javascript" owner="SeleniumLibrary">
<msg time="2024-03-07T14:19:27.172455" level="INFO">Executing JavaScript:
window.scrollTo(0,300)
Without any arguments.</msg>
<arg>window.scrollTo(0,300)</arg>
<doc>Executes the given JavaScript code with possible arguments.</doc>
<status status="PASS" start="2024-03-07T14:19:27.172455" elapsed="2.027073"/>
</kw>
<kw name="Capture Page Screenshot" owner="SeleniumLibrary">
<msg time="2024-03-07T14:19:31.382277" level="INFO" html="true">&lt;/td&gt;&lt;/tr&gt;&lt;tr&gt;&lt;td colspan="3"&gt;&lt;a href="epmtysearch.png"&gt;&lt;img src="epmtysearch.png" width="800px"&gt;&lt;/a&gt;</msg>
<arg>epmtysearch.png</arg>
<doc>Takes a screenshot of the current page and embeds it into a log file.</doc>
<status status="PASS" start="2024-03-07T14:19:29.199528" elapsed="2.182749"/>
</kw>
<status status="PASS" start="2024-03-07T14:19:13.235902" elapsed="18.146375"/>
</kw>
<status status="PASS" start="2024-03-07T14:16:50.726993" elapsed="160.655284"/>
</test>
<status status="PASS" start="2024-03-07T14:16:50.506356" elapsed="160.875921"/>
</suite>
<statistics>
<total>
<stat pass="1" fail="0" skip="0">All Tests</stat>
</total>
<tag>
</tag>
<suite>
<stat pass="1" fail="0" skip="0" id="s1" name="Search">Search</stat>
</suite>
</statistics>
<errors>
<msg time="2024-03-07T14:16:50.711405" level="ERROR">Error in file 'C:\Users\Admin\PycharmProjects\pythonProject\Testpractice\Resources\login.robot' on line 2: Importing library 'Seleniumlibrary' failed: ModuleNotFoundError: No module named 'Seleniumlibrary'
Traceback (most recent call last):
  None
PYTHONPATH:
  C:\Users\Admin\PycharmProjects\pythonProject\Testpractice\venv\Scripts\robot.exe
  C:\Users\Admin\AppData\Local\Programs\Python\Python311\python311.zip
  C:\Users\Admin\AppData\Local\Programs\Python\Python311\DLLs
  C:\Users\Admin\AppData\Local\Programs\Python\Python311\Lib
  C:\Users\Admin\AppData\Local\Programs\Python\Python311
  C:\Users\Admin\PycharmProjects\pythonProject\Testpractice\venv
  C:\Users\Admin\PycharmProjects\pythonProject\Testpractice\venv\Lib\site-packages</msg>
<msg time="2024-03-07T14:16:50.726993" level="ERROR">Error in file 'C:\Users\Admin\PycharmProjects\pythonProject\Testpractice\Resources\regesterandlogin.robot' on line 2: Importing library 'Seleniumlibrary' failed: ModuleNotFoundError: No module named 'Seleniumlibrary'
Traceback (most recent call last):
  None
PYTHONPATH:
  C:\Users\Admin\PycharmProjects\pythonProject\Testpractice\venv\Scripts\robot.exe
  C:\Users\Admin\AppData\Local\Programs\Python\Python311\python311.zip
  C:\Users\Admin\AppData\Local\Programs\Python\Python311\DLLs
  C:\Users\Admin\AppData\Local\Programs\Python\Python311\Lib
  C:\Users\Admin\AppData\Local\Programs\Python\Python311
  C:\Users\Admin\PycharmProjects\pythonProject\Testpractice\venv
  C:\Users\Admin\PycharmProjects\pythonProject\Testpractice\venv\Lib\site-packages</msg>
</errors>
</robot>
